VBSPM Directory: C:\Users\nanda\Github\vbs-method-parser\node_modules\vbspm\
================================= Call =================================
Base path: C:\Users\nanda\GitHub\vbs-method-parser
Execution Started for file
Script file not provided as a named argument [/file:]
Main Script: C:\Users\nanda\GitHub\vbs-method-parser\test.vbs
buildBundleFile: C:\Users\nanda\GitHub\vbs-method-parser\build\test-bundle.vbs
Include(C:\Users\nanda\GitHub\vbs-method-parser\test.vbs)
File full path: C:\Users\nanda\Github\vbs-method-parser\test.vbs
Include(.\test\test-inheritence-out)
File extension missing. Adding .vbs
File full path: C:\Users\nanda\Github\vbs-method-parser\test\test-inheritence-out.vbs
VBSPM Directory: C:\Users\nanda\Github\vbs-method-parser\node_modules\vbspm\
================================= Call =================================
Base path: C:\Users\nanda\GitHub\vbs-method-parser
Execution Started for file
Script file not provided as a named argument [/file:]
Main Script: C:\Users\nanda\GitHub\vbs-method-parser\test.vbs
buildBundleFile: C:\Users\nanda\GitHub\vbs-method-parser\build\test-bundle.vbs
Include(C:\Users\nanda\GitHub\vbs-method-parser\test.vbs)
File full path: C:\Users\nanda\Github\vbs-method-parser\test.vbs
Include(.\test\test-inheritence-out)
File extension missing. Adding .vbs
File full path: C:\Users\nanda\Github\vbs-method-parser\test\test-inheritence-out.vbs
VBSPM Directory: C:\Users\nanda\Github\vbs-method-parser\node_modules\vbspm\
================================= Call =================================
Base path: C:\Users\nanda\GitHub\vbs-method-parser
Execution Started for file
Script file not provided as a named argument [/file:]
Main Script: C:\Users\nanda\GitHub\vbs-method-parser\test.vbs
buildBundleFile: C:\Users\nanda\GitHub\vbs-method-parser\build\test-bundle.vbs
Include(C:\Users\nanda\GitHub\vbs-method-parser\test.vbs)
File full path: C:\Users\nanda\Github\vbs-method-parser\test.vbs
Include(.\test\test-inheritence-out)
File extension missing. Adding .vbs
File full path: C:\Users\nanda\Github\vbs-method-parser\test\test-inheritence-out.vbs
VBSPM Directory: C:\Users\nanda\Github\vbs-method-parser\node_modules\vbspm\
================================= Call =================================
Base path: C:\Users\nanda\GitHub\vbs-method-parser
Execution Started for file
Script file not provided as a named argument [/file:]
Main Script: C:\Users\nanda\GitHub\vbs-method-parser\test.vbs
buildBundleFile: C:\Users\nanda\GitHub\vbs-method-parser\build\test-bundle.vbs
Include(C:\Users\nanda\GitHub\vbs-method-parser\test.vbs)
File full path: C:\Users\nanda\Github\vbs-method-parser\test.vbs
Include(.\test\test-inheritence-out)
File extension missing. Adding .vbs
File full path: C:\Users\nanda\Github\vbs-method-parser\test\test-inheritence-out.vbs
VBSPM Directory: C:\Users\nanda\GitHub\vbs-method-parser\build\
VBSPM Directory: C:\Users\nanda\Github\vbs-method-parser\node_modules\vbspm\
================================= Call =================================
Base path: C:\Users\nanda\GitHub\vbs-method-parser
Execution Started for file
Script file not provided as a named argument [/file:]
Main Script: C:\Users\nanda\GitHub\vbs-method-parser\test.vbs
buildBundleFile: C:\Users\nanda\GitHub\vbs-method-parser\build\test-bundle.vbs
Include(C:\Users\nanda\GitHub\vbs-method-parser\test.vbs)
File full path: C:\Users\nanda\Github\vbs-method-parser\test.vbs
Include(.\test\test-inheritence-out)
File extension missing. Adding .vbs
File full path: C:\Users\nanda\Github\vbs-method-parser\test\test-inheritence-out.vbs
VBSPM Directory: C:\Users\nanda\GitHub\vbs-method-parser\build\
VBSPM Directory: C:\Users\nanda\Github\vbs-method-parser\node_modules\vbspm\
================================= Call =================================
Base path: C:\Users\nanda\GitHub\vbs-method-parser
Execution Started for file
Script file not provided as a named argument [/file:]
Main Script: C:\Users\nanda\GitHub\vbs-method-parser\test.vbs
buildBundleFile: C:\Users\nanda\GitHub\vbs-method-parser\build\test-bundle.vbs
Include(C:\Users\nanda\GitHub\vbs-method-parser\test.vbs)
File full path: C:\Users\nanda\Github\vbs-method-parser\test.vbs
Include(.\test\test-inheritence-out)
File extension missing. Adding .vbs
File full path: C:\Users\nanda\Github\vbs-method-parser\test\test-inheritence-out.vbs
VBSPM Directory: C:\Users\nanda\GitHub\vbs-method-parser\build\
VBSPM Directory: C:\Users\nanda\Github\vbs-method-parser\node_modules\vbspm\
================================= Call =================================
Base path: C:\Users\nanda\GitHub\vbs-method-parser
Execution Started for file
Script file not provided as a named argument [/file:]
Main Script: C:\Users\nanda\GitHub\vbs-method-parser\test.vbs
buildBundleFile: C:\Users\nanda\GitHub\vbs-method-parser\build\test-bundle.vbs
Include(C:\Users\nanda\GitHub\vbs-method-parser\test.vbs)
File full path: C:\Users\nanda\Github\vbs-method-parser\test.vbs
Include(.\test\test-inheritence-out)
File extension missing. Adding .vbs
File full path: C:\Users\nanda\Github\vbs-method-parser\test\test-inheritence-out.vbs
VBSPM Directory: C:\Users\nanda\GitHub\vbs-method-parser\build\
VBSPM Directory: C:\Users\nanda\Github\vbs-method-parser\node_modules\vbspm\
================================= Call =================================
Base path: C:\Users\nanda\GitHub\vbs-method-parser
Execution Started for file
Script file not provided as a named argument [/file:]
Main Script: C:\Users\nanda\GitHub\vbs-method-parser\test.vbs
buildBundleFile: C:\Users\nanda\GitHub\vbs-method-parser\build\test-bundle.vbs
Include(C:\Users\nanda\GitHub\vbs-method-parser\test.vbs)
File full path: C:\Users\nanda\Github\vbs-method-parser\test.vbs
Include(.\test\test-inheritence-out)
File extension missing. Adding .vbs
File full path: C:\Users\nanda\Github\vbs-method-parser\test\test-inheritence-out.vbs
VBSPM Directory: C:\Users\nanda\GitHub\vbs-method-parser\build\
VBSPM Directory: C:\Users\nanda\Github\vbs-method-parser\node_modules\vbspm\
================================= Call =================================
Base path: C:\Users\nanda\GitHub\vbs-method-parser
Execution Started for file
Script file not provided as a named argument [/file:]
Main Script: C:\Users\nanda\GitHub\vbs-method-parser\test.vbs
buildBundleFile: C:\Users\nanda\GitHub\vbs-method-parser\build\test-bundle.vbs
Include(C:\Users\nanda\GitHub\vbs-method-parser\test.vbs)
File full path: C:\Users\nanda\Github\vbs-method-parser\test.vbs
Include(.\test\test-inheritence-out)
File extension missing. Adding .vbs
File full path: C:\Users\nanda\Github\vbs-method-parser\test\test-inheritence-out.vbs
VBSPM Directory: C:\Users\nanda\GitHub\vbs-method-parser\build\
VBSPM Directory: C:\Users\nanda\Github\vbs-method-parser\node_modules\vbspm\
================================= Call =================================
Base path: C:\Users\nanda\GitHub\vbs-method-parser
Execution Started for file
Script file not provided as a named argument [/file:]
Main Script: C:\Users\nanda\GitHub\vbs-method-parser\test.vbs
buildBundleFile: C:\Users\nanda\GitHub\vbs-method-parser\build\test-bundle.vbs
Include(C:\Users\nanda\GitHub\vbs-method-parser\test.vbs)
File full path: C:\Users\nanda\Github\vbs-method-parser\test.vbs
Include(.\test\test-inheritence-out)
File extension missing. Adding .vbs
File full path: C:\Users\nanda\Github\vbs-method-parser\test\test-inheritence-out.vbs
VBSPM Directory: C:\Users\nanda\GitHub\vbs-method-parser\build\
VBSPM Directory: C:\Users\nanda\Github\vbs-method-parser\node_modules\vbspm\
================================= Call =================================
Base path: C:\Users\nanda\GitHub\vbs-method-parser
Execution Started for file
Script file not provided as a named argument [/file:]
Main Script: C:\Users\nanda\GitHub\vbs-method-parser\test.vbs
buildBundleFile: C:\Users\nanda\GitHub\vbs-method-parser\build\test-bundle.vbs
Include(C:\Users\nanda\GitHub\vbs-method-parser\test.vbs)
File full path: C:\Users\nanda\Github\vbs-method-parser\test.vbs
Include(.\test\test-inheritence-out)
File extension missing. Adding .vbs
File full path: C:\Users\nanda\Github\vbs-method-parser\test\test-inheritence-out.vbs
VBSPM Directory: C:\Users\nanda\GitHub\vbs-method-parser\build\
VBSPM Directory: C:\Users\nanda\git\xps.local.npm\nodejsconsole\vbs-method-parser\node_modules\vbspm\
================================= Call =================================
Base path: C:\Users\nanda\git\xps.local.npm\nodejsconsole\vbs-method-parser
Execution Started for file
Script file not provided as a named argument [/file:]
Main Script: C:\Users\nanda\git\xps.local.npm\nodejsconsole\vbs-method-parser\test.vbs
buildBundleFile: C:\Users\nanda\git\xps.local.npm\nodejsconsole\vbs-method-parser\build\test-bundle.vbs
Include(C:\Users\nanda\git\xps.local.npm\nodejsconsole\vbs-method-parser\test.vbs)
File full path: C:\Users\nanda\git\xps.local.npm\nodejsconsole\vbs-method-parser\test.vbs
Include(.\test\test-inheritence-out)
File extension missing. Adding .vbs
File full path: C:\Users\nanda\git\xps.local.npm\nodejsconsole\vbs-method-parser\test\test-inheritence-out.vbs
VBSPM Directory: C:\Users\nanda\git\xps.local.npm\nodejsconsole\vbs-method-parser\build\
VBSPM Directory: C:\Users\nanda\git\xps.local.npm\nodejsconsole\vbs-method-parser\node_modules\vbspm\
================================= Call =================================
Base path: C:\Users\nanda\git\xps.local.npm\nodejsconsole\vbs-method-parser
Execution Started for file
Script file not provided as a named argument [/file:]
Main Script: C:\Users\nanda\git\xps.local.npm\nodejsconsole\vbs-method-parser\test.vbs
buildBundleFile: C:\Users\nanda\git\xps.local.npm\nodejsconsole\vbs-method-parser\build\test-bundle.vbs
Include(C:\Users\nanda\git\xps.local.npm\nodejsconsole\vbs-method-parser\test.vbs)
File full path: C:\Users\nanda\git\xps.local.npm\nodejsconsole\vbs-method-parser\test.vbs
Include(.\test\test-inheritence-out)
File extension missing. Adding .vbs
File full path: C:\Users\nanda\git\xps.local.npm\nodejsconsole\vbs-method-parser\test\test-inheritence-out.vbs
VBSPM Directory: C:\Users\nanda\git\xps.local.npm\nodejsconsole\vbs-method-parser\build\
VBSPM Directory: C:\Users\nanda\git\xps.local.npm\nodejsconsole\vbs-method-parser\node_modules\vbspm\
================================= Call =================================
Base path: C:\Users\nanda\git\xps.local.npm\nodejsconsole\vbs-method-parser
Execution Started for file
Script file not provided as a named argument [/file:]
Main Script: C:\Users\nanda\git\xps.local.npm\nodejsconsole\vbs-method-parser\test.vbs
buildBundleFile: C:\Users\nanda\git\xps.local.npm\nodejsconsole\vbs-method-parser\build\test-bundle.vbs
Include(C:\Users\nanda\git\xps.local.npm\nodejsconsole\vbs-method-parser\test.vbs)
File full path: C:\Users\nanda\git\xps.local.npm\nodejsconsole\vbs-method-parser\test.vbs
Include(.\test\test-inheritence-out)
File extension missing. Adding .vbs
File full path: C:\Users\nanda\git\xps.local.npm\nodejsconsole\vbs-method-parser\test\test-inheritence-out.vbs
VBSPM Directory: C:\Users\nanda\git\xps.local.npm\nodejsconsole\vbs-method-parser\build\
VBSPM Directory: C:\Users\nanda\git\xps.local.npm\nodejsconsole\vbs-method-parser\node_modules\vbspm\
================================= Call =================================
Base path: C:\Users\nanda\git\xps.local.npm\nodejsconsole\vbs-method-parser
Execution Started for file
Script file not provided as a named argument [/file:]
Main Script: C:\Users\nanda\git\xps.local.npm\nodejsconsole\vbs-method-parser\test.vbs
buildBundleFile: C:\Users\nanda\git\xps.local.npm\nodejsconsole\vbs-method-parser\build\test-bundle.vbs
Include(C:\Users\nanda\git\xps.local.npm\nodejsconsole\vbs-method-parser\test.vbs)
File full path: C:\Users\nanda\git\xps.local.npm\nodejsconsole\vbs-method-parser\test.vbs
Include(.\test\test-inheritence-out)
File extension missing. Adding .vbs
File full path: C:\Users\nanda\git\xps.local.npm\nodejsconsole\vbs-method-parser\test\test-inheritence-out.vbs
VBSPM Directory: C:\Users\nanda\git\xps.local.npm\nodejsconsole\vbs-method-parser\build\
VBSPM Directory: C:\Users\nanda\git\xps.local.npm\nodejsconsole\vbs-method-parser\node_modules\vbspm\
================================= Call =================================
Base path: C:\Users\nanda\git\xps.local.npm\nodejsconsole\vbs-method-parser
Execution Started for file
Script file not provided as a named argument [/file:]
Main Script: C:\Users\nanda\git\xps.local.npm\nodejsconsole\vbs-method-parser\test.vbs
buildBundleFile: C:\Users\nanda\git\xps.local.npm\nodejsconsole\vbs-method-parser\build\test-bundle.vbs
Include(C:\Users\nanda\git\xps.local.npm\nodejsconsole\vbs-method-parser\test.vbs)
File full path: C:\Users\nanda\git\xps.local.npm\nodejsconsole\vbs-method-parser\test.vbs
Include(.\test\test-inheritence-out)
File extension missing. Adding .vbs
File full path: C:\Users\nanda\git\xps.local.npm\nodejsconsole\vbs-method-parser\test\test-inheritence-out.vbs
VBSPM Directory: C:\Users\nanda\git\xps.local.npm\nodejsconsole\vbs-method-parser\build\
VBSPM Directory: C:\Users\nanda\git\xps.local.npm\nodejsconsole\vbs-method-parser\node_modules\vbspm\
================================= Call =================================
Base path: C:\Users\nanda\git\xps.local.npm\nodejsconsole\vbs-method-parser
Execution Started for file
Script file not provided as a named argument [/file:]
Main Script: C:\Users\nanda\git\xps.local.npm\nodejsconsole\vbs-method-parser\test.vbs
buildBundleFile: C:\Users\nanda\git\xps.local.npm\nodejsconsole\vbs-method-parser\build\test-bundle.vbs
Include(C:\Users\nanda\git\xps.local.npm\nodejsconsole\vbs-method-parser\test.vbs)
File full path: C:\Users\nanda\git\xps.local.npm\nodejsconsole\vbs-method-parser\test.vbs
Include(.\test\test-inheritence-out)
File extension missing. Adding .vbs
File full path: C:\Users\nanda\git\xps.local.npm\nodejsconsole\vbs-method-parser\test\test-inheritence-out.vbs
VBSPM Directory: C:\Users\nanda\git\xps.local.npm\nodejsconsole\vbs-method-parser\build\
VBSPM Directory: C:\Users\nanda\git\xps.local.npm\nodejsconsole\vbs-method-parser\node_modules\vbspm\
================================= Call =================================
Base path: C:\Users\nanda\git\xps.local.npm\nodejsconsole\vbs-method-parser
Execution Started for file
Script file not provided as a named argument [/file:]
Main Script: C:\Users\nanda\git\xps.local.npm\nodejsconsole\vbs-method-parser\test.vbs
buildBundleFile: C:\Users\nanda\git\xps.local.npm\nodejsconsole\vbs-method-parser\build\test-bundle.vbs
Include(C:\Users\nanda\git\xps.local.npm\nodejsconsole\vbs-method-parser\test.vbs)
File full path: C:\Users\nanda\git\xps.local.npm\nodejsconsole\vbs-method-parser\test.vbs
Include(.\test\test-inheritence-out)
File extension missing. Adding .vbs
File full path: C:\Users\nanda\git\xps.local.npm\nodejsconsole\vbs-method-parser\test\test-inheritence-out.vbs
VBSPM Directory: C:\Users\nanda\git\xps.local.npm\nodejsconsole\vbs-method-parser\build\
VBSPM Directory: C:\Users\nanda\git\xps.local.npm\nodejsconsole\vbs-method-parser\node_modules\vbspm\
================================= Call =================================
Base path: C:\Users\nanda\git\xps.local.npm\nodejsconsole\vbs-method-parser
Execution Started for file
Script file not provided as a named argument [/file:]
Main Script: C:\Users\nanda\git\xps.local.npm\nodejsconsole\vbs-method-parser\test.vbs
buildBundleFile: C:\Users\nanda\git\xps.local.npm\nodejsconsole\vbs-method-parser\build\test-bundle.vbs
Include(C:\Users\nanda\git\xps.local.npm\nodejsconsole\vbs-method-parser\test.vbs)
File full path: C:\Users\nanda\git\xps.local.npm\nodejsconsole\vbs-method-parser\test.vbs
Include(.\test\test-inheritence-out)
File extension missing. Adding .vbs
File full path: C:\Users\nanda\git\xps.local.npm\nodejsconsole\vbs-method-parser\test\test-inheritence-out.vbs
VBSPM Directory: C:\Users\nanda\git\xps.local.npm\nodejsconsole\vbs-method-parser\build\
VBSPM Directory: C:\Users\nanda\git\xps.local.npm\nodejsconsole\vbs-method-parser\node_modules\vbspm\
================================= Call =================================
Base path: C:\Users\nanda\git\xps.local.npm\nodejsconsole\vbs-method-parser
Execution Started for file
Script file not provided as a named argument [/file:]
Main Script: C:\Users\nanda\git\xps.local.npm\nodejsconsole\vbs-method-parser\test.vbs
buildBundleFile: C:\Users\nanda\git\xps.local.npm\nodejsconsole\vbs-method-parser\build\test-bundle.vbs
Include(C:\Users\nanda\git\xps.local.npm\nodejsconsole\vbs-method-parser\test.vbs)
File full path: C:\Users\nanda\git\xps.local.npm\nodejsconsole\vbs-method-parser\test.vbs
Include(.\test\test-inheritence-out)
File extension missing. Adding .vbs
File full path: C:\Users\nanda\git\xps.local.npm\nodejsconsole\vbs-method-parser\test\test-inheritence-out.vbs
VBSPM Directory: C:\Users\nanda\git\xps.local.npm\nodejsconsole\vbs-method-parser\build\
VBSPM Directory: C:\Users\nanda\git\xps.local.npm\nodejsconsole\vbs-method-parser\node_modules\vbspm\
================================= Call =================================
Base path: C:\Users\nanda\git\xps.local.npm\nodejsconsole\vbs-method-parser
Execution Started for file
Script file not provided as a named argument [/file:]
Main Script: C:\Users\nanda\git\xps.local.npm\nodejsconsole\vbs-method-parser\test.vbs
buildBundleFile: C:\Users\nanda\git\xps.local.npm\nodejsconsole\vbs-method-parser\build\test-bundle.vbs
Include(C:\Users\nanda\git\xps.local.npm\nodejsconsole\vbs-method-parser\test.vbs)
File full path: C:\Users\nanda\git\xps.local.npm\nodejsconsole\vbs-method-parser\test.vbs
Include(.\test\test-inheritence-out)
File extension missing. Adding .vbs
File full path: C:\Users\nanda\git\xps.local.npm\nodejsconsole\vbs-method-parser\test\test-inheritence-out.vbs
VBSPM Directory: C:\Users\nanda\git\xps.local.npm\nodejsconsole\vbs-method-parser\build\
VBSPM Directory: C:\Users\nanda\git\xps.local.npm\nodejsconsole\vbs-method-parser\node_modules\vbspm\
================================= Call =================================
Base path: C:\Users\nanda\git\xps.local.npm\nodejsconsole\vbs-method-parser
Execution Started for file
Script file not provided as a named argument [/file:]
Main Script: C:\Users\nanda\git\xps.local.npm\nodejsconsole\vbs-method-parser\test.vbs
buildBundleFile: C:\Users\nanda\git\xps.local.npm\nodejsconsole\vbs-method-parser\build\test-bundle.vbs
Include(C:\Users\nanda\git\xps.local.npm\nodejsconsole\vbs-method-parser\test.vbs)
File full path: C:\Users\nanda\git\xps.local.npm\nodejsconsole\vbs-method-parser\test.vbs
Include(.\test\test-inheritence-out)
File extension missing. Adding .vbs
File full path: C:\Users\nanda\git\xps.local.npm\nodejsconsole\vbs-method-parser\test\test-inheritence-out.vbs
VBSPM Directory: C:\Users\nanda\git\xps.local.npm\nodejsconsole\vbs-method-parser\build\
VBSPM Directory: C:\Users\nanda\git\xps.local.npm\nodejsconsole\vbs-method-parser\node_modules\vbspm\
================================= Call =================================
Base path: C:\Users\nanda\git\xps.local.npm\nodejsconsole\vbs-method-parser
Execution Started for file
Script file not provided as a named argument [/file:]
Main Script: C:\Users\nanda\git\xps.local.npm\nodejsconsole\vbs-method-parser\test.vbs
buildBundleFile: C:\Users\nanda\git\xps.local.npm\nodejsconsole\vbs-method-parser\build\test-bundle.vbs
Include(C:\Users\nanda\git\xps.local.npm\nodejsconsole\vbs-method-parser\test.vbs)
File full path: C:\Users\nanda\git\xps.local.npm\nodejsconsole\vbs-method-parser\test.vbs
Include(.\test\test-inheritence-out)
File extension missing. Adding .vbs
File full path: C:\Users\nanda\git\xps.local.npm\nodejsconsole\vbs-method-parser\test\test-inheritence-out.vbs
VBSPM Directory: C:\Users\nanda\git\xps.local.npm\nodejsconsole\vbs-method-parser\build\
VBSPM Directory: C:\Users\nanda\git\xps.local.npm\nodejsconsole\vbs-method-parser\node_modules\vbspm\
================================= Call =================================
Base path: C:\Users\nanda\git\xps.local.npm\nodejsconsole\vbs-method-parser
Execution Started for file
Script file not provided as a named argument [/file:]
Main Script: C:\Users\nanda\git\xps.local.npm\nodejsconsole\vbs-method-parser\test.vbs
buildBundleFile: C:\Users\nanda\git\xps.local.npm\nodejsconsole\vbs-method-parser\build\test-bundle.vbs
Include(C:\Users\nanda\git\xps.local.npm\nodejsconsole\vbs-method-parser\test.vbs)
File full path: C:\Users\nanda\git\xps.local.npm\nodejsconsole\vbs-method-parser\test.vbs
Include(.\test\test-inheritence-out)
File extension missing. Adding .vbs
File full path: C:\Users\nanda\git\xps.local.npm\nodejsconsole\vbs-method-parser\test\test-inheritence-out.vbs
VBSPM Directory: C:\Users\nanda\git\xps.local.npm\nodejsconsole\vbs-method-parser\build\
VBSPM Directory: C:\Users\nanda\git\xps.local.npm\nodejsconsole\vbs-method-parser\node_modules\vbspm\
================================= Call =================================
Base path: C:\Users\nanda\git\xps.local.npm\nodejsconsole\vbs-method-parser
Execution Started for file
Script file not provided as a named argument [/file:]
Main Script: C:\Users\nanda\git\xps.local.npm\nodejsconsole\vbs-method-parser\test.vbs
buildBundleFile: C:\Users\nanda\git\xps.local.npm\nodejsconsole\vbs-method-parser\build\test-bundle.vbs
Include(C:\Users\nanda\git\xps.local.npm\nodejsconsole\vbs-method-parser\test.vbs)
File full path: C:\Users\nanda\git\xps.local.npm\nodejsconsole\vbs-method-parser\test.vbs
Include(.\test\test-inheritence-out)
File extension missing. Adding .vbs
File full path: C:\Users\nanda\git\xps.local.npm\nodejsconsole\vbs-method-parser\test\test-inheritence-out.vbs
VBSPM Directory: C:\Users\nanda\git\xps.local.npm\nodejsconsole\vbs-method-parser\build\
VBSPM Directory: C:\Users\nanda\git\xps.local.npm\nodejsconsole\vbs-method-parser\node_modules\vbspm\
================================= Call =================================
Base path: C:\Users\nanda\git\xps.local.npm\nodejsconsole\vbs-method-parser
Execution Started for file
Script file not provided as a named argument [/file:]
Main Script: C:\Users\nanda\git\xps.local.npm\nodejsconsole\vbs-method-parser\test.vbs
buildBundleFile: C:\Users\nanda\git\xps.local.npm\nodejsconsole\vbs-method-parser\build\test-bundle.vbs
Include(C:\Users\nanda\git\xps.local.npm\nodejsconsole\vbs-method-parser\test.vbs)
File full path: C:\Users\nanda\git\xps.local.npm\nodejsconsole\vbs-method-parser\test.vbs
Include(.\test\test-inheritence-out)
File extension missing. Adding .vbs
File full path: C:\Users\nanda\git\xps.local.npm\nodejsconsole\vbs-method-parser\test\test-inheritence-out.vbs
VBSPM Directory: C:\Users\nanda\git\xps.local.npm\nodejsconsole\vbs-method-parser\build\
VBSPM Directory: C:\Users\nanda\git\xps.local.npm\nodejsconsole\vbs-method-parser\node_modules\vbspm\
================================= Call =================================
Base path: C:\Users\nanda\git\xps.local.npm\nodejsconsole\vbs-method-parser
Execution Started for file
Script file not provided as a named argument [/file:]
Main Script: C:\Users\nanda\git\xps.local.npm\nodejsconsole\vbs-method-parser\test.vbs
buildBundleFile: C:\Users\nanda\git\xps.local.npm\nodejsconsole\vbs-method-parser\build\test-bundle.vbs
Include(C:\Users\nanda\git\xps.local.npm\nodejsconsole\vbs-method-parser\test.vbs)
File full path: C:\Users\nanda\git\xps.local.npm\nodejsconsole\vbs-method-parser\test.vbs
Include(.\test\test-inheritence-out)
File extension missing. Adding .vbs
File full path: C:\Users\nanda\git\xps.local.npm\nodejsconsole\vbs-method-parser\test\test-inheritence-out.vbs
VBSPM Directory: C:\Users\nanda\git\xps.local.npm\nodejsconsole\vbs-method-parser\build\
